<?xml version="1.0" encoding="UTF-8"?>
<testng-results ignored="0" total="1" passed="1" failed="0" skipped="0">
  <reporter-output>
  </reporter-output>
  <suite started-at="2024-09-17T14:54:16 IST" name="Default suite" finished-at="2024-09-17T14:54:19 IST" duration-ms="2842">
    <groups>
    </groups>
    <test started-at="2024-09-17T14:54:16 IST" name="Default test" finished-at="2024-09-17T14:54:19 IST" duration-ms="2842">
      <class name="HTTPRequests2">
        <test-method signature="verifyUser()[pri:0, instance:HTTPRequests2@1583741e]" started-at="2024-09-17T14:54:16 IST" name="verifyUser" description="To get the details of user with id 3" finished-at="2024-09-17T14:54:19 IST" duration-ms="2736" status="PASS">
          <reporter-output>
          </reporter-output>
        </test-method> <!-- verifyUser -->
      </class> <!-- HTTPRequests2 -->
    </test> <!-- Default test -->
  </suite> <!-- Default suite -->
</testng-results>
